<?xml version="1.0" encoding="UTF-8"?>
<coverage generated="1778532983809" clover="3.2.0">
  <project timestamp="1778532983809" name="All files">
    <metrics statements="13" coveredstatements="12" conditionals="20" coveredconditionals="17" methods="5" coveredmethods="4" elements="38" coveredelements="33" complexity="0" loc="13" ncloc="13" packages="1" files="1" classes="1"/>
    <file name="logic.js" path="C:\Users\Ihor\Desktop\lab_IT\tests\logic.js">
      <metrics statements="13" coveredstatements="12" conditionals="20" coveredconditionals="17" methods="5" coveredmethods="4"/>
      <line num="2" count="4" type="cond" truecount="2" falsecount="0"/>
      <line num="3" count="3" type="cond" truecount="2" falsecount="0"/>
      <line num="4" count="2" type="cond" truecount="1" falsecount="1"/>
      <line num="5" count="2" type="cond" truecount="4" falsecount="0"/>
      <line num="6" count="1" type="cond" truecount="1" falsecount="1"/>
      <line num="7" count="1" type="cond" truecount="3" falsecount="1"/>
      <line num="8" count="1" type="stmt"/>
      <line num="12" count="2" type="cond" truecount="4" falsecount="0"/>
      <line num="13" count="1" type="stmt"/>
      <line num="17" count="3" type="stmt"/>
      <line num="18" count="3" type="stmt"/>
      <line num="22" count="2" type="stmt"/>
      <line num="26" count="0" type="stmt"/>
    </file>
  </project>
</coverage>
