{"C:\\Users\\Ihor\\Desktop\\lab_IT\\tests\\logic.js": {"path":"C:\\Users\\Ihor\\Desktop\\lab_IT\\tests\\logic.js","statementMap":{"0":{"start":{"line":2,"column":2},"end":{"line":2,"column":52}},"1":{"start":{"line":2,"column":37},"end":{"line":2,"column":52}},"2":{"start":{"line":3,"column":2},"end":{"line":3,"column":50}},"3":{"start":{"line":3,"column":36},"end":{"line":3,"column":50}},"4":{"start":{"line":4,"column":2},"end":{"line":4,"column":52}},"5":{"start":{"line":4,"column":37},"end":{"line":4,"column":52}},"6":{"start":{"line":5,"column":2},"end":{"line":5,"column":90}},"7":{"start":{"line":5,"column":75},"end":{"line":5,"column":90}},"8":{"start":{"line":6,"column":2},"end":{"line":6,"column":53}},"9":{"start":{"line":6,"column":35},"end":{"line":6,"column":53}},"10":{"start":{"line":7,"column":2},"end":{"line":7,"column":88}},"11":{"start":{"line":7,"column":73},"end":{"line":7,"column":88}},"12":{"start":{"line":8,"column":2},"end":{"line":8,"column":18}},"13":{"start":{"line":12,"column":2},"end":{"line":12,"column":74}},"14":{"start":{"line":12,"column":49},"end":{"line":12,"column":74}},"15":{"start":{"line":13,"column":2},"end":{"line":13,"column":53}},"16":{"start":{"line":17,"column":20},"end":{"line":17,"column":36}},"17":{"start":{"line":18,"column":2},"end":{"line":18,"column":34}},"18":{"start":{"line":22,"column":2},"end":{"line":22,"column":42}},"19":{"start":{"line":26,"column":2},"end":{"line":26,"column":48}}},"fnMap":{"0":{"name":"getAccessoryCategory","decl":{"start":{"line":1,"column":16},"end":{"line":1,"column":36}},"loc":{"start":{"line":1,"column":50},"end":{"line":9,"column":1}},"line":1},"1":{"name":"formatSelectedItems","decl":{"start":{"line":11,"column":16},"end":{"line":11,"column":35}},"loc":{"start":{"line":11,"column":43},"end":{"line":14,"column":1}},"line":11},"2":{"name":"isValidGun","decl":{"start":{"line":16,"column":16},"end":{"line":16,"column":26}},"loc":{"start":{"line":16,"column":34},"end":{"line":19,"column":1}},"line":16},"3":{"name":"countSelectedAccessories","decl":{"start":{"line":21,"column":16},"end":{"line":21,"column":40}},"loc":{"start":{"line":21,"column":56},"end":{"line":23,"column":1}},"line":21},"4":{"name":"canAddAccessory","decl":{"start":{"line":25,"column":16},"end":{"line":25,"column":31}},"loc":{"start":{"line":25,"column":57},"end":{"line":27,"column":null}},"line":25}},"branchMap":{"0":{"loc":{"start":{"line":2,"column":2},"end":{"line":2,"column":52}},"type":"if","locations":[{"start":{"line":2,"column":2},"end":{"line":2,"column":52}},{"start":{},"end":{}}],"line":2},"1":{"loc":{"start":{"line":3,"column":2},"end":{"line":3,"column":50}},"type":"if","locations":[{"start":{"line":3,"column":2},"end":{"line":3,"column":50}},{"start":{},"end":{}}],"line":3},"2":{"loc":{"start":{"line":4,"column":2},"end":{"line":4,"column":52}},"type":"if","locations":[{"start":{"line":4,"column":2},"end":{"line":4,"column":52}},{"start":{},"end":{}}],"line":4},"3":{"loc":{"start":{"line":5,"column":2},"end":{"line":5,"column":90}},"type":"if","locations":[{"start":{"line":5,"column":2},"end":{"line":5,"column":90}},{"start":{},"end":{}}],"line":5},"4":{"loc":{"start":{"line":5,"column":6},"end":{"line":5,"column":73}},"type":"binary-expr","locations":[{"start":{"line":5,"column":6},"end":{"line":5,"column":35}},{"start":{"line":5,"column":39},"end":{"line":5,"column":73}}],"line":5},"5":{"loc":{"start":{"line":6,"column":2},"end":{"line":6,"column":53}},"type":"if","locations":[{"start":{"line":6,"column":2},"end":{"line":6,"column":53}},{"start":{},"end":{}}],"line":6},"6":{"loc":{"start":{"line":7,"column":2},"end":{"line":7,"column":88}},"type":"if","locations":[{"start":{"line":7,"column":2},"end":{"line":7,"column":88}},{"start":{},"end":{}}],"line":7},"7":{"loc":{"start":{"line":7,"column":6},"end":{"line":7,"column":71}},"type":"binary-expr","locations":[{"start":{"line":7,"column":6},"end":{"line":7,"column":35}},{"start":{"line":7,"column":39},"end":{"line":7,"column":71}}],"line":7},"8":{"loc":{"start":{"line":12,"column":2},"end":{"line":12,"column":74}},"type":"if","locations":[{"start":{"line":12,"column":2},"end":{"line":12,"column":74}},{"start":{},"end":{}}],"line":12},"9":{"loc":{"start":{"line":12,"column":6},"end":{"line":12,"column":47}},"type":"binary-expr","locations":[{"start":{"line":12,"column":6},"end":{"line":12,"column":12}},{"start":{"line":12,"column":16},"end":{"line":12,"column":47}}],"line":12}},"s":{"0":4,"1":1,"2":3,"3":1,"4":2,"5":0,"6":2,"7":1,"8":1,"9":0,"10":1,"11":0,"12":1,"13":2,"14":1,"15":1,"16":3,"17":3,"18":2,"19":0},"f":{"0":4,"1":2,"2":3,"3":2,"4":0},"b":{"0":[1,3],"1":[1,2],"2":[0,2],"3":[1,1],"4":[2,2],"5":[0,1],"6":[0,1],"7":[1,1],"8":[1,1],"9":[2,2]},"meta":{"lastBranch":10,"lastFunction":5,"lastStatement":20,"seen":{"f:1:16:1:36":0,"b:2:2:2:52:undefined:undefined:undefined:undefined":0,"s:2:2:2:52":0,"s:2:37:2:52":1,"b:3:2:3:50:undefined:undefined:undefined:undefined":1,"s:3:2:3:50":2,"s:3:36:3:50":3,"b:4:2:4:52:undefined:undefined:undefined:undefined":2,"s:4:2:4:52":4,"s:4:37:4:52":5,"b:5:2:5:90:undefined:undefined:undefined:undefined":3,"s:5:2:5:90":6,"b:5:6:5:35:5:39:5:73":4,"s:5:75:5:90":7,"b:6:2:6:53:undefined:undefined:undefined:undefined":5,"s:6:2:6:53":8,"s:6:35:6:53":9,"b:7:2:7:88:undefined:undefined:undefined:undefined":6,"s:7:2:7:88":10,"b:7:6:7:35:7:39:7:71":7,"s:7:73:7:88":11,"s:8:2:8:18":12,"f:11:16:11:35":1,"b:12:2:12:74:undefined:undefined:undefined:undefined":8,"s:12:2:12:74":13,"b:12:6:12:12:12:16:12:47":9,"s:12:49:12:74":14,"s:13:2:13:53":15,"f:16:16:16:26":2,"s:17:20:17:36":16,"s:18:2:18:34":17,"f:21:16:21:40":3,"s:22:2:22:42":18,"f:25:16:25:31":4,"s:26:2:26:48":19}}}
}
